<?xml version="1.0" encoding="UTF-8"?>
<testsuite name="TestSuite" time="0.0" tests="2" errors="0" skipped="0" failures="0">
    <testcase name="testAddBook" classname="org.bookstore.bookstore_inventory.BookServiceGrpcTest" time="0.0"/>
    <testcase name="testDeleteBook" classname="org.bookstore.bookstore_inventory.BookServiceGrpcTest" time="0.0"/>
</testsuite>